app/build/outputs/logs/manifest-merger-debug-report.txt
-- Merging decision tree log ---
manifest
ADDED from src/main/AndroidManifest.xml:48:1-127:12
INJECTED from src/main/AndroidManifest.xml:48:1-127:12
INJECTED from src/main/AndroidManifest.xml:48:1-127:12
INJECTED from src/main/AndroidManifest.xml:48:1-127:12
MERGED from [com.google.android.material:material:1.1.0-alpha06] AndroidManifest.xml:17:1-24:12
MERGED from [androidx.constraintlayout:constraintlayout:2.0.0-beta1] AndroidManifest.xml:2:1-11:12
MERGED from [androidx.mediarouter:mediarouter:1.0.0-alpha5] AndroidManifest.xml:17:1-22:12
MERGED from [androidx.viewpager2:viewpager2:1.0.0-alpha02] AndroidManifest.xml:17:1-22:12
MERGED from [androidx.appcompat:appcompat:1.1.0-alpha03] AndroidManifest.xml:17:1-22:12
MERGED from [androidx.recyclerview:recyclerview:1.1.0-alpha03] AndroidManifest.xml:17:1-22:12
MERGED from [androidx.cardview:cardview:1.0.0] AndroidManifest.xml:17:1-22:12
MERGED from [androidx.lifecycle:lifecycle-extensions:2.0.0] AndroidManifest.xml:17:1-25:12
MERGED from [com.jakewharton:butterknife:10.0.0] AndroidManifest.xml:2:1-7:12
MERGED from [com.r0adkll:slidableactivity:2.0.6] AndroidManifest.xml:2:1-11:12
MERGED from [androidx.legacy:legacy-support-v4:1.0.0] AndroidManifest.xml:17:1-22:12
MERGED from [androidx.appcompat:appcompat-resources:1.1.0-alpha03] AndroidManifest.xml:17:1-22:12
MERGED from [androidx.vectordrawable:vectordrawable-animated:1.0.0] AndroidManifest.xml:17:1-22:12
MERGED from [androidx.vectordrawable:vectordrawable:1.1.0-beta01] AndroidManifest.xml:17:1-22:12
MERGED from [no.nordicsemi.android.support.v18:scanner:1.4.0] AndroidManifest.xml:2:1-51:12
MERGED from [com.github.PhilJay:MPAndroidChart:v3.1.0] AndroidManifest.xml:2:1-20:12
MERGED from [pl.droidsonroids.gif:android-gif-drawable:1.2.16] AndroidManifest.xml:2:1-10:12
MERGED from [androidx.legacy:legacy-support-core-ui:1.0.0] AndroidManifest.xml:17:1-22:12
MERGED from [androidx.palette:palette:1.0.0-rc01] AndroidManifest.xml:17:1-22:12
MERGED from [androidx.legacy:legacy-support-core-utils:1.0.0] AndroidManifest.xml:17:1-22:12
MERGED from [androidx.coordinatorlayout:coordinatorlayout:1.1.0-alpha01] AndroidManifest.xml:17:1-22:12
MERGED from [androidx.transition:transition:1.0.1] AndroidManifest.xml:17:1-22:12
MERGED from [androidx.fragment:fragment:1.1.0-alpha05] AndroidManifest.xml:17:1-22:12
MERGED from [androidx.loader:loader:1.0.0] AndroidManifest.xml:17:1-22:12
MERGED from [androidx.lifecycle:lifecycle-livedata:2.0.0] AndroidManifest.xml:17:1-22:12
MERGED from [androidx.lifecycle:lifecycle-livedata-core:2.0.0] AndroidManifest.xml:17:1-22:12
MERGED from [androidx.arch.core:core-runtime:2.0.0] AndroidManifest.xml:17:1-22:12
MERGED from [androidx.lifecycle:lifecycle-process:2.0.0] AndroidManifest.xml:17:1-30:12
MERGED from [androidx.lifecycle:lifecycle-service:2.0.0] AndroidManifest.xml:17:1-22:12
MERGED from [com.jakewharton:butterknife-runtime:10.0.0] AndroidManifest.xml:2:1-7:12
MERGED from [androidx.media2:media2:1.0.0-alpha02] AndroidManifest.xml:17:1-22:12
MERGED from [androidx.media:media:1.0.0] AndroidManifest.xml:17:1-22:12
MERGED from [androidx.drawerlayout:drawerlayout:1.0.0] AndroidManifest.xml:17:1-22:12
MERGED from [androidx.viewpager:viewpager:1.0.0] AndroidManifest.xml:17:1-22:12
MERGED from [androidx.slidingpanelayout:slidingpanelayout:1.0.0] AndroidManifest.xml:17:1-22:12
MERGED from [androidx.customview:customview:1.0.0] AndroidManifest.xml:17:1-22:12
MERGED from [androidx.swiperefreshlayout:swiperefreshlayout:1.0.0] AndroidManifest.xml:17:1-22:12
MERGED from [androidx.asynclayoutinflater:asynclayoutinflater:1.0.0] AndroidManifest.xml:17:1-22:12
MERGED from [androidx.activity:activity:1.0.0-alpha05] AndroidManifest.xml:17:1-22:12
MERGED from [androidx.core:core:1.1.0-beta01] AndroidManifest.xml:17:1-24:12
MERGED from [androidx.lifecycle:lifecycle-runtime:2.1.0-alpha03] AndroidManifest.xml:17:1-22:12
MERGED from [androidx.savedstate:savedstate:1.0.0-alpha02] AndroidManifest.xml:17:1-22:12
MERGED from [androidx.versionedparcelable:versionedparcelable:1.1.0-beta01] AndroidManifest.xml:17:1-25:12
MERGED from [androidx.documentfile:documentfile:1.0.0] AndroidManifest.xml:17:1-22:12
MERGED from [androidx.localbroadcastmanager:localbroadcastmanager:1.0.0] AndroidManifest.xml:17:1-22:12
MERGED from [androidx.print:print:1.0.0] AndroidManifest.xml:17:1-22:12
MERGED from [androidx.cursoradapter:cursoradapter:1.0.0] AndroidManifest.xml:17:1-22:12
MERGED from [androidx.interpolator:interpolator:1.0.0] AndroidManifest.xml:17:1-22:12
MERGED from [androidx.lifecycle:lifecycle-viewmodel:2.1.0-alpha03] AndroidManifest.xml:17:1-22:12
INJECTED from src/main/AndroidManifest.xml:48:1-127:12
INJECTED from src/main/AndroidManifest.xml:48:1-127:12
INJECTED from src/main/AndroidManifest.xml:48:1-127:12
	package
		ADDED from src/main/AndroidManifest.xml:49:5-44
		INJECTED from src/main/AndroidManifest.xml
		INJECTED from src/main/AndroidManifest.xml
	android:versionName
		INJECTED from src/main/AndroidManifest.xml
		ADDED from src/main/AndroidManifest.xml:48:1-127:12
		INJECTED from src/main/AndroidManifest.xml
	android:versionCode
		INJECTED from src/main/AndroidManifest.xml
		ADDED from src/main/AndroidManifest.xml:48:1-127:12
		INJECTED from src/main/AndroidManifest.xml
	xmlns:android
		ADDED from src/main/AndroidManifest.xml:48:11-69
uses-permission#android.permission.BLUETOOTH
ADDED from src/main/AndroidManifest.xml:51:5-68
MERGED from [no.nordicsemi.android.support.v18:scanner:1.4.0] AndroidManifest.xml:16:5-68
MERGED from [no.nordicsemi.android.support.v18:scanner:1.4.0] AndroidManifest.xml:16:5-68
	android:name
		ADDED from src/main/AndroidManifest.xml:51:22-65
uses-permission#android.permission.BLUETOOTH_ADMIN
ADDED from src/main/AndroidManifest.xml:52:5-74
MERGED from [no.nordicsemi.android.support.v18:scanner:1.4.0] AndroidManifest.xml:17:5-74
MERGED from [no.nordicsemi.android.support.v18:scanner:1.4.0] AndroidManifest.xml:17:5-74
	android:name
		ADDED from src/main/AndroidManifest.xml:52:22-71
uses-permission#android.permission.ACCESS_COARSE_LOCATION
ADDED from src/main/AndroidManifest.xml:53:5-81
	android:name
		ADDED from src/main/AndroidManifest.xml:53:22-78
uses-permission#android.permission.WRITE_EXTERNAL_STORAGE
ADDED from src/main/AndroidManifest.xml:54:5-81
	android:name
		ADDED from src/main/AndroidManifest.xml:54:22-78
uses-permission#android.permission.READ_EXTERNAL_STORAGE
ADDED from src/main/AndroidManifest.xml:55:5-80
	android:name
		ADDED from src/main/AndroidManifest.xml:55:22-77
application
ADDED from src/main/AndroidManifest.xml:57:5-125:19
MERGED from [com.google.android.material:material:1.1.0-alpha06] AndroidManifest.xml:22:5-20
MERGED from [com.google.android.material:material:1.1.0-alpha06] AndroidManifest.xml:22:5-20
MERGED from [androidx.constraintlayout:constraintlayout:2.0.0-beta1] AndroidManifest.xml:9:5-20
MERGED from [androidx.constraintlayout:constraintlayout:2.0.0-beta1] AndroidManifest.xml:9:5-20
MERGED from [androidx.lifecycle:lifecycle-extensions:2.0.0] AndroidManifest.xml:22:5-23:19
MERGED from [androidx.lifecycle:lifecycle-extensions:2.0.0] AndroidManifest.xml:22:5-23:19
MERGED from [com.r0adkll:slidableactivity:2.0.6] AndroidManifest.xml:9:5-20
MERGED from [com.r0adkll:slidableactivity:2.0.6] AndroidManifest.xml:9:5-20
MERGED from [no.nordicsemi.android.support.v18:scanner:1.4.0] AndroidManifest.xml:24:5-49:19
MERGED from [no.nordicsemi.android.support.v18:scanner:1.4.0] AndroidManifest.xml:24:5-49:19
MERGED from [androidx.lifecycle:lifecycle-process:2.0.0] AndroidManifest.xml:22:5-28:19
MERGED from [androidx.lifecycle:lifecycle-process:2.0.0] AndroidManifest.xml:22:5-28:19
MERGED from [androidx.core:core:1.1.0-beta01] AndroidManifest.xml:22:5-89
MERGED from [androidx.core:core:1.1.0-beta01] AndroidManifest.xml:22:5-89
MERGED from [androidx.versionedparcelable:versionedparcelable:1.1.0-beta01] AndroidManifest.xml:22:5-23:19
MERGED from [androidx.versionedparcelable:versionedparcelable:1.1.0-beta01] AndroidManifest.xml:22:5-23:19
	android:appComponentFactory
		ADDED from [androidx.core:core:1.1.0-beta01] AndroidManifest.xml:22:18-86
	android:supportsRtl
		ADDED from src/main/AndroidManifest.xml:62:9-35
	android:label
		ADDED from src/main/AndroidManifest.xml:60:9-41
	android:autoRemoveFromRecents
		ADDED from src/main/AndroidManifest.xml:63:9-45
	android:noHistory
		ADDED from src/main/AndroidManifest.xml:64:9-33
	android:roundIcon
		ADDED from src/main/AndroidManifest.xml:61:9-51
	android:icon
		ADDED from src/main/AndroidManifest.xml:59:9-40
	android:allowBackup
		ADDED from src/main/AndroidManifest.xml:58:9-35
	android:theme
		ADDED from src/main/AndroidManifest.xml:65:9-40
activity#ch.zhaw.android.measuringdata.MainActivity
ADDED from src/main/AndroidManifest.xml:67:9-77:20
	android:label
		ADDED from src/main/AndroidManifest.xml:70:13-45
	android:launchMode
		ADDED from src/main/AndroidManifest.xml:71:13-43
	android:configChanges
		ADDED from src/main/AndroidManifest.xml:69:13-74
	android:theme
		ADDED from src/main/AndroidManifest.xml:72:13-56
	android:name
		ADDED from src/main/AndroidManifest.xml:68:13-41
intent-filter#action:name:android.intent.action.MAIN+category:name:android.intent.category.LAUNCHER
ADDED from src/main/AndroidManifest.xml:73:13-76:29
action#android.intent.action.MAIN
ADDED from src/main/AndroidManifest.xml:74:17-69
	android:name
		ADDED from src/main/AndroidManifest.xml:74:25-66
category#android.intent.category.LAUNCHER
ADDED from src/main/AndroidManifest.xml:75:17-77
	android:name
		ADDED from src/main/AndroidManifest.xml:75:27-74
activity#ch.zhaw.android.measuringdata.ui.UartActivity
ADDED from src/main/AndroidManifest.xml:78:9-90:20
	android:label
		ADDED from src/main/AndroidManifest.xml:81:13-45
	android:launchMode
		ADDED from src/main/AndroidManifest.xml:82:13-43
	android:windowSoftInputMode
		ADDED from src/main/AndroidManifest.xml:84:13-54
	android:configChanges
		ADDED from src/main/AndroidManifest.xml:80:13-74
	android:theme
		ADDED from src/main/AndroidManifest.xml:83:13-56
	android:name
		ADDED from src/main/AndroidManifest.xml:79:13-44
intent-filter#action:name:android.intent.action.RUN+category:name:android.intent.category.LAUNCHER
ADDED from src/main/AndroidManifest.xml:85:13-89:29
action#android.intent.action.RUN
ADDED from src/main/AndroidManifest.xml:86:17-68
	android:name
		ADDED from src/main/AndroidManifest.xml:86:25-65
activity#ch.zhaw.android.measuringdata.uart.DeviceListActivity
ADDED from src/main/AndroidManifest.xml:91:9-95:50
	android:label
		ADDED from src/main/AndroidManifest.xml:94:13-50
	android:configChanges
		ADDED from src/main/AndroidManifest.xml:93:13-74
	android:theme
		ADDED from src/main/AndroidManifest.xml:95:13-47
	android:name
		ADDED from src/main/AndroidManifest.xml:92:13-52
activity#ch.zhaw.android.measuringdata.ui.ChartActivity
ADDED from src/main/AndroidManifest.xml:96:9-111:20
	android:parentActivityName
		ADDED from src/main/AndroidManifest.xml:101:13-58
	android:label
		ADDED from src/main/AndroidManifest.xml:99:13-57
	android:launchMode
		ADDED from src/main/AndroidManifest.xml:100:13-43
	android:configChanges
		ADDED from src/main/AndroidManifest.xml:98:13-62
	android:theme
		ADDED from src/main/AndroidManifest.xml:102:13-56
	android:name
		ADDED from src/main/AndroidManifest.xml:97:13-45
meta-data#android.support.PARENT_ACTIVITY
ADDED from src/main/AndroidManifest.xml:103:13-105:81
	android:value
		ADDED from src/main/AndroidManifest.xml:105:17-78
	android:name
		ADDED from src/main/AndroidManifest.xml:104:17-63
intent-filter#action:name:android.intent.action.RUN+category:name:android.intent.category.DEFAULT
ADDED from src/main/AndroidManifest.xml:106:13-110:29
category#android.intent.category.DEFAULT
ADDED from src/main/AndroidManifest.xml:109:17-76
	android:name
		ADDED from src/main/AndroidManifest.xml:109:27-73
activity#ch.zhaw.android.measuringdata.ui.SettingsActivity
ADDED from src/main/AndroidManifest.xml:112:9-115:75
	android:parentActivityName
		ADDED from src/main/AndroidManifest.xml:114:13-59
	android:theme
		ADDED from src/main/AndroidManifest.xml:115:13-63
	android:name
		ADDED from src/main/AndroidManifest.xml:113:13-48
activity#ch.zhaw.android.measuringdata.ui.AboutActivity
ADDED from src/main/AndroidManifest.xml:117:9-120:73
	android:parentActivityName
		ADDED from src/main/AndroidManifest.xml:119:13-59
	android:theme
		ADDED from src/main/AndroidManifest.xml:120:13-61
	android:name
		ADDED from src/main/AndroidManifest.xml:118:13-45
service#ch.zhaw.android.measuringdata.uart.BtService
ADDED from src/main/AndroidManifest.xml:122:9-124:38
	android:enabled
		ADDED from src/main/AndroidManifest.xml:124:13-35
	android:name
		ADDED from src/main/AndroidManifest.xml:123:13-43
uses-sdk
INJECTED from src/main/AndroidManifest.xml reason: use-sdk injection requested
INJECTED from src/main/AndroidManifest.xml
INJECTED from src/main/AndroidManifest.xml
MERGED from [com.google.android.material:material:1.1.0-alpha06] AndroidManifest.xml:20:5-44
MERGED from [com.google.android.material:material:1.1.0-alpha06] AndroidManifest.xml:20:5-44
MERGED from [androidx.constraintlayout:constraintlayout:2.0.0-beta1] AndroidManifest.xml:5:5-7:41
MERGED from [androidx.constraintlayout:constraintlayout:2.0.0-beta1] AndroidManifest.xml:5:5-7:41
MERGED from [androidx.mediarouter:mediarouter:1.0.0-alpha5] AndroidManifest.xml:20:5-44
MERGED from [androidx.mediarouter:mediarouter:1.0.0-alpha5] AndroidManifest.xml:20:5-44
MERGED from [androidx.viewpager2:viewpager2:1.0.0-alpha02] AndroidManifest.xml:20:5-44
MERGED from [androidx.viewpager2:viewpager2:1.0.0-alpha02] AndroidManifest.xml:20:5-44
MERGED from [androidx.appcompat:appcompat:1.1.0-alpha03] AndroidManifest.xml:20:5-44
MERGED from [androidx.appcompat:appcompat:1.1.0-alpha03] AndroidManifest.xml:20:5-44
MERGED from [androidx.recyclerview:recyclerview:1.1.0-alpha03] AndroidManifest.xml:20:5-44
MERGED from [androidx.recyclerview:recyclerview:1.1.0-alpha03] AndroidManifest.xml:20:5-44
MERGED from [androidx.cardview:cardview:1.0.0] AndroidManifest.xml:20:5-44
MERGED from [androidx.cardview:cardview:1.0.0] AndroidManifest.xml:20:5-44
MERGED from [androidx.lifecycle:lifecycle-extensions:2.0.0] AndroidManifest.xml:20:5-44
MERGED from [androidx.lifecycle:lifecycle-extensions:2.0.0] AndroidManifest.xml:20:5-44
MERGED from [com.jakewharton:butterknife:10.0.0] AndroidManifest.xml:5:5-44
MERGED from [com.jakewharton:butterknife:10.0.0] AndroidManifest.xml:5:5-44
MERGED from [com.r0adkll:slidableactivity:2.0.6] AndroidManifest.xml:5:5-7:41
MERGED from [com.r0adkll:slidableactivity:2.0.6] AndroidManifest.xml:5:5-7:41
MERGED from [androidx.legacy:legacy-support-v4:1.0.0] AndroidManifest.xml:20:5-44
MERGED from [androidx.legacy:legacy-support-v4:1.0.0] AndroidManifest.xml:20:5-44
MERGED from [androidx.appcompat:appcompat-resources:1.1.0-alpha03] AndroidManifest.xml:20:5-44
MERGED from [androidx.appcompat:appcompat-resources:1.1.0-alpha03] AndroidManifest.xml:20:5-44
MERGED from [androidx.vectordrawable:vectordrawable-animated:1.0.0] AndroidManifest.xml:20:5-44
MERGED from [androidx.vectordrawable:vectordrawable-animated:1.0.0] AndroidManifest.xml:20:5-44
MERGED from [androidx.vectordrawable:vectordrawable:1.1.0-beta01] AndroidManifest.xml:20:5-44
MERGED from [androidx.vectordrawable:vectordrawable:1.1.0-beta01] AndroidManifest.xml:20:5-44
MERGED from [no.nordicsemi.android.support.v18:scanner:1.4.0] AndroidManifest.xml:8:5-10:41
MERGED from [no.nordicsemi.android.support.v18:scanner:1.4.0] AndroidManifest.xml:8:5-10:41
MERGED from [com.github.PhilJay:MPAndroidChart:v3.1.0] AndroidManifest.xml:16:5-18:41
MERGED from [com.github.PhilJay:MPAndroidChart:v3.1.0] AndroidManifest.xml:16:5-18:41
MERGED from [pl.droidsonroids.gif:android-gif-drawable:1.2.16] AndroidManifest.xml:6:5-8:41
MERGED from [pl.droidsonroids.gif:android-gif-drawable:1.2.16] AndroidManifest.xml:6:5-8:41
MERGED from [androidx.legacy:legacy-support-core-ui:1.0.0] AndroidManifest.xml:20:5-44
MERGED from [androidx.legacy:legacy-support-core-ui:1.0.0] AndroidManifest.xml:20:5-44
MERGED from [androidx.palette:palette:1.0.0-rc01] AndroidManifest.xml:20:5-44
MERGED from [androidx.palette:palette:1.0.0-rc01] AndroidManifest.xml:20:5-44
MERGED from [androidx.legacy:legacy-support-core-utils:1.0.0] AndroidManifest.xml:20:5-44
MERGED from [androidx.legacy:legacy-support-core-utils:1.0.0] AndroidManifest.xml:20:5-44
MERGED from [androidx.coordinatorlayout:coordinatorlayout:1.1.0-alpha01] AndroidManifest.xml:20:5-44
MERGED from [androidx.coordinatorlayout:coordinatorlayout:1.1.0-alpha01] AndroidManifest.xml:20:5-44
MERGED from [androidx.transition:transition:1.0.1] AndroidManifest.xml:20:5-44
MERGED from [androidx.transition:transition:1.0.1] AndroidManifest.xml:20:5-44
MERGED from [androidx.fragment:fragment:1.1.0-alpha05] AndroidManifest.xml:20:5-44
MERGED from [androidx.fragment:fragment:1.1.0-alpha05] AndroidManifest.xml:20:5-44
MERGED from [androidx.loader:loader:1.0.0] AndroidManifest.xml:20:5-44
MERGED from [androidx.loader:loader:1.0.0] AndroidManifest.xml:20:5-44
MERGED from [androidx.lifecycle:lifecycle-livedata:2.0.0] AndroidManifest.xml:20:5-44
MERGED from [androidx.lifecycle:lifecycle-livedata:2.0.0] AndroidManifest.xml:20:5-44
MERGED from [androidx.lifecycle:lifecycle-livedata-core:2.0.0] AndroidManifest.xml:20:5-44
MERGED from [androidx.lifecycle:lifecycle-livedata-core:2.0.0] AndroidManifest.xml:20:5-44
MERGED from [androidx.arch.core:core-runtime:2.0.0] AndroidManifest.xml:20:5-44
MERGED from [androidx.arch.core:core-runtime:2.0.0] AndroidManifest.xml:20:5-44
MERGED from [androidx.lifecycle:lifecycle-process:2.0.0] AndroidManifest.xml:20:5-44
MERGED from [androidx.lifecycle:lifecycle-process:2.0.0] AndroidManifest.xml:20:5-44
MERGED from [androidx.lifecycle:lifecycle-service:2.0.0] AndroidManifest.xml:20:5-44
MERGED from [androidx.lifecycle:lifecycle-service:2.0.0] AndroidManifest.xml:20:5-44
MERGED from [com.jakewharton:butterknife-runtime:10.0.0] AndroidManifest.xml:5:5-44
MERGED from [com.jakewharton:butterknife-runtime:10.0.0] AndroidManifest.xml:5:5-44
MERGED from [androidx.media2:media2:1.0.0-alpha02] AndroidManifest.xml:20:5-44
MERGED from [androidx.media2:media2:1.0.0-alpha02] AndroidManifest.xml:20:5-44
MERGED from [androidx.media:media:1.0.0] AndroidManifest.xml:20:5-44
MERGED from [androidx.media:media:1.0.0] AndroidManifest.xml:20:5-44
MERGED from [androidx.drawerlayout:drawerlayout:1.0.0] AndroidManifest.xml:20:5-44
MERGED from [androidx.drawerlayout:drawerlayout:1.0.0] AndroidManifest.xml:20:5-44
MERGED from [androidx.viewpager:viewpager:1.0.0] AndroidManifest.xml:20:5-44
MERGED from [androidx.viewpager:viewpager:1.0.0] AndroidManifest.xml:20:5-44
MERGED from [androidx.slidingpanelayout:slidingpanelayout:1.0.0] AndroidManifest.xml:20:5-44
MERGED from [androidx.slidingpanelayout:slidingpanelayout:1.0.0] AndroidManifest.xml:20:5-44
MERGED from [androidx.customview:customview:1.0.0] AndroidManifest.xml:20:5-44
MERGED from [androidx.customview:customview:1.0.0] AndroidManifest.xml:20:5-44
MERGED from [androidx.swiperefreshlayout:swiperefreshlayout:1.0.0] AndroidManifest.xml:20:5-44
MERGED from [androidx.swiperefreshlayout:swiperefreshlayout:1.0.0] AndroidManifest.xml:20:5-44
MERGED from [androidx.asynclayoutinflater:asynclayoutinflater:1.0.0] AndroidManifest.xml:20:5-44
MERGED from [androidx.asynclayoutinflater:asynclayoutinflater:1.0.0] AndroidManifest.xml:20:5-44
MERGED from [androidx.activity:activity:1.0.0-alpha05] AndroidManifest.xml:20:5-44
MERGED from [androidx.activity:activity:1.0.0-alpha05] AndroidManifest.xml:20:5-44
MERGED from [androidx.core:core:1.1.0-beta01] AndroidManifest.xml:20:5-44
MERGED from [androidx.core:core:1.1.0-beta01] AndroidManifest.xml:20:5-44
MERGED from [androidx.lifecycle:lifecycle-runtime:2.1.0-alpha03] AndroidManifest.xml:20:5-44
MERGED from [androidx.lifecycle:lifecycle-runtime:2.1.0-alpha03] AndroidManifest.xml:20:5-44
MERGED from [androidx.savedstate:savedstate:1.0.0-alpha02] AndroidManifest.xml:20:5-44
MERGED from [androidx.savedstate:savedstate:1.0.0-alpha02] AndroidManifest.xml:20:5-44
MERGED from [androidx.versionedparcelable:versionedparcelable:1.1.0-beta01] AndroidManifest.xml:20:5-44
MERGED from [androidx.versionedparcelable:versionedparcelable:1.1.0-beta01] AndroidManifest.xml:20:5-44
MERGED from [androidx.documentfile:documentfile:1.0.0] AndroidManifest.xml:20:5-44
MERGED from [androidx.documentfile:documentfile:1.0.0] AndroidManifest.xml:20:5-44
MERGED from [androidx.localbroadcastmanager:localbroadcastmanager:1.0.0] AndroidManifest.xml:20:5-44
MERGED from [androidx.localbroadcastmanager:localbroadcastmanager:1.0.0] AndroidManifest.xml:20:5-44
MERGED from [androidx.print:print:1.0.0] AndroidManifest.xml:20:5-44
MERGED from [androidx.print:print:1.0.0] AndroidManifest.xml:20:5-44
MERGED from [androidx.cursoradapter:cursoradapter:1.0.0] AndroidManifest.xml:20:5-44
MERGED from [androidx.cursoradapter:cursoradapter:1.0.0] AndroidManifest.xml:20:5-44
MERGED from [androidx.interpolator:interpolator:1.0.0] AndroidManifest.xml:20:5-44
MERGED from [androidx.interpolator:interpolator:1.0.0] AndroidManifest.xml:20:5-44
MERGED from [androidx.lifecycle:lifecycle-viewmodel:2.1.0-alpha03] AndroidManifest.xml:20:5-44
MERGED from [androidx.lifecycle:lifecycle-viewmodel:2.1.0-alpha03] AndroidManifest.xml:20:5-44
INJECTED from src/main/AndroidManifest.xml
INJECTED from src/main/AndroidManifest.xml
	android:targetSdkVersion
		INJECTED from src/main/AndroidManifest.xml
		ADDED from src/main/AndroidManifest.xml
		INJECTED from src/main/AndroidManifest.xml
	android:minSdkVersion
		INJECTED from src/main/AndroidManifest.xml
		ADDED from src/main/AndroidManifest.xml
		INJECTED from src/main/AndroidManifest.xml
uses-permission#android.permission.ACCESS_FINE_LOCATION
ADDED from [no.nordicsemi.android.support.v18:scanner:1.4.0] AndroidManifest.xml:22:5-79
	android:name
		ADDED from [no.nordicsemi.android.support.v18:scanner:1.4.0] AndroidManifest.xml:22:22-76
service#no.nordicsemi.android.support.v18.scanner.ScannerService
ADDED from [no.nordicsemi.android.support.v18:scanner:1.4.0] AndroidManifest.xml:31:9-33:40
	android:exported
		ADDED from [no.nordicsemi.android.support.v18:scanner:1.4.0] AndroidManifest.xml:33:13-37
	android:name
		ADDED from [no.nordicsemi.android.support.v18:scanner:1.4.0] AndroidManifest.xml:32:13-84
receiver#no.nordicsemi.android.support.v18.scanner.PendingIntentReceiver
ADDED from [no.nordicsemi.android.support.v18:scanner:1.4.0] AndroidManifest.xml:41:9-48:20
	android:exported
		ADDED from [no.nordicsemi.android.support.v18:scanner:1.4.0] AndroidManifest.xml:43:13-36
	tools:ignore
		ADDED from [no.nordicsemi.android.support.v18:scanner:1.4.0] AndroidManifest.xml:44:13-44
	android:name
		ADDED from [no.nordicsemi.android.support.v18:scanner:1.4.0] AndroidManifest.xml:42:13-91
intent-filter#action:name:no.nordicsemi.android.support.v18.ACTION_FOUND
ADDED from [no.nordicsemi.android.support.v18:scanner:1.4.0] AndroidManifest.xml:45:13-47:29
action#no.nordicsemi.android.support.v18.ACTION_FOUND
ADDED from [no.nordicsemi.android.support.v18:scanner:1.4.0] AndroidManifest.xml:46:17-89
	android:name
		ADDED from [no.nordicsemi.android.support.v18:scanner:1.4.0] AndroidManifest.xml:46:25-86
provider#androidx.lifecycle.ProcessLifecycleOwnerInitializer
ADDED from [androidx.lifecycle:lifecycle-process:2.0.0] AndroidManifest.xml:23:9-27:43
	android:authorities
		ADDED from [androidx.lifecycle:lifecycle-process:2.0.0] AndroidManifest.xml:25:13-69
	android:multiprocess
		ADDED from [androidx.lifecycle:lifecycle-process:2.0.0] AndroidManifest.xml:27:13-40
	android:exported
		ADDED from [androidx.lifecycle:lifecycle-process:2.0.0] AndroidManifest.xml:26:13-37
	android:name
		ADDED from [androidx.lifecycle:lifecycle-process:2.0.0] AndroidManifest.xml:24:13-79